2024-11-15 16:55:22,321 - INFO - Found 64 existing files
2024-11-15 16:55:24,787 - INFO - Skipping existing file: 2024.11.01-ESESP-octubre24
2024-11-15 16:55:25,789 - INFO - Skipping existing file: 2024.10.02-ESESP-septiembre24
2024-11-15 16:55:26,790 - INFO - Skipping existing file: 2024.09.02-ESESP-agosto24
2024-11-15 16:55:27,792 - INFO - Skipping existing file: 2024.08.01-ESESP-julio24
2024-11-15 16:55:28,793 - INFO - Skipping existing file: 2024.07.01-ESESP-junio24
2024-11-15 16:55:29,794 - INFO - Skipping existing file: 2024.06.03-ESESP-mayo24
2024-11-15 16:55:30,796 - INFO - Skipping existing file: 2024.05.02-ESESP-abril24
2024-11-15 16:55:31,797 - INFO - Skipping existing file: 2024.04.02-ESESP-marzo24
2024-11-15 16:55:32,798 - INFO - Skipping existing file: 2024.03.01-ESESP-febrero24
2024-11-15 16:55:33,800 - INFO - Skipping existing file: 2024.02.01-ESESP-enero24
2024-11-15 16:55:34,801 - INFO - Skipping existing file: 2023.12.15-ESESP-diciembre23
2024-11-15 16:55:35,802 - INFO - Skipping existing file: 2023.12.01-ESESP-noviembre23
2024-11-15 16:55:36,803 - INFO - Skipping existing file: 2023.11.01-ESESP-octubre23
2024-11-15 16:55:37,804 - INFO - Skipping existing file: 2023.10.02-ESESP-septiembre23
2024-11-15 16:55:38,806 - INFO - Skipping existing file: 2023.09.01-ESESP-agosto23
2024-11-15 16:55:39,807 - INFO - Skipping existing file: 2023.08.01-ESESP-julio23
2024-11-15 16:55:40,808 - INFO - Skipping existing file: 2023.07.03-ESESP-junio23
2024-11-15 16:55:41,809 - INFO - Skipping existing file: 2023.06.01-ESESP-mayo23
2024-11-15 16:55:42,811 - INFO - Skipping existing file: 2023.05.02-ESESP-abril23
2024-11-15 16:55:43,812 - INFO - Skipping existing file: 2023.04.03-ESESP-marzo23
2024-11-15 16:55:44,813 - INFO - Skipping existing file: 2023.03.02-ESESP-febrero23
2024-11-15 16:55:45,815 - INFO - Skipping existing file: 2023.02.01-ESESP-enero23
2024-11-15 16:55:46,816 - INFO - Skipping existing file: 2022.12.16-ESESP-diciembre22
2024-11-15 16:55:47,818 - INFO - Skipping existing file: 2022.12.01-ESESP-noviembre22
2024-11-15 16:55:48,819 - INFO - Skipping existing file: 2022.11.01-ESESP-octubre22
2024-11-15 16:55:49,820 - INFO - Skipping existing file: 2022.10.03-ESESP-septiembre22
2024-11-15 16:55:50,822 - INFO - Skipping existing file: 2022.09.01-ESESP-agosto22
2024-11-15 16:55:51,823 - INFO - Skipping existing file: 2022.08.01-ESESP-julio22
2024-11-15 16:55:52,824 - INFO - Skipping existing file: 2022.07.01-ESESP-junio22
2024-11-15 16:55:53,826 - INFO - Skipping existing file: 2022.06.01-ESESP-mayo22
2024-11-15 16:55:54,827 - INFO - Skipping existing file: 2022.05.02-ESESP-abril22
2024-11-15 16:55:55,828 - INFO - Skipping existing file: 2022.04.01-ESESP-marzo22
2024-11-15 16:55:56,830 - INFO - Skipping existing file: 2022.03.03-ESESP-febrero22
2024-11-15 16:55:57,831 - INFO - Skipping existing file: 2022.02.01-ESESP-enero22
2024-11-15 16:55:58,832 - INFO - Skipping existing file: 2021.12.17-ESESP-diciembre21
2024-11-15 16:55:59,834 - INFO - Skipping existing file: 2021.12.01-ESESP-noviembre21
2024-11-15 16:56:00,835 - INFO - Skipping existing file: 2021.11.01-ESESP-octubre21
2024-11-15 16:56:01,837 - INFO - Skipping existing file: 2021.10.01-ESESP-septiembre21
2024-11-15 16:56:02,837 - INFO - Skipping existing file: 2021.09.01-ESESP-agosto21
2024-11-15 16:56:03,839 - INFO - Skipping existing file: 2021.08.02-ESESP-julio21
2024-11-15 16:56:04,841 - INFO - Skipping existing file: 2021.07.01-ESESP-junio21
2024-11-15 16:56:05,842 - INFO - Skipping existing file: 2021.06.01-ESESP-mayo21
2024-11-15 16:56:06,843 - INFO - Skipping existing file: 2021.05.03-ESESP-abril21
2024-11-15 16:56:07,845 - INFO - Skipping existing file: 2021.04.05-ESESP-marzo21
2024-11-15 16:56:08,846 - INFO - Skipping existing file: 2021.03.02-ESESP-febrero21
2024-11-15 16:56:09,847 - INFO - Skipping existing file: 2021.02.02-ESESP-enero21
2024-11-15 16:56:10,848 - INFO - Skipping existing file: 2020.12.17-ESESP-diciembre20
2024-11-15 16:56:11,850 - INFO - Skipping existing file: 2020.12.01-ESESP-noviembre20
2024-11-15 16:56:12,851 - INFO - Skipping existing file: 2020.10.01-ESESP-septiembre20
2024-11-15 16:56:13,852 - INFO - Skipping existing file: 2020.09.01-ESESP-agosto20
2024-11-15 16:56:14,853 - INFO - Skipping existing file: 2020.08.03-ESESP-julio20
2024-11-15 16:56:15,855 - INFO - Skipping existing file: 2020.07.01-ESESP-junio20
2024-11-15 16:56:16,857 - INFO - Skipping existing file: 2020.06.01-ESESP-mayo20
2024-11-15 16:56:17,858 - INFO - Skipping existing file: 2020.05.04-ESESP-abril20
2024-11-15 16:56:18,859 - INFO - Skipping existing file: 2020.04.01-ESESP-marzo20
2024-11-15 16:56:19,861 - INFO - Skipping existing file: 2020.03.02-ESESP-febrero20
2024-11-15 16:56:20,863 - INFO - Skipping existing file: 2020.02.04-ESESP-enero20
2024-11-15 16:56:21,864 - INFO - Skipping existing file: 2019.12.13-ESESP-diciembre19
2024-11-15 16:56:22,864 - INFO - Skipping existing file: 2019.12.02-ESESP-noviembre19
2024-11-15 16:56:23,866 - INFO - Skipping existing file: 2019.11.01-ESESP-octubre19
2024-11-15 16:56:24,866 - INFO - Skipping existing file: 2019.10.01-ESESP-septiembre19
2024-11-15 16:56:25,867 - INFO - Skipping existing file: 2019.09.02-ESESP-agosto19
2024-11-15 16:56:26,869 - INFO - Skipping existing file: 2019.08.01-ESESP-julio19
2024-11-15 16:56:27,869 - INFO - Skipping existing file: 2019.07.01-ESESP-junio19
2024-11-15 16:56:33,702 - INFO - Found 64 existing files
2024-11-15 16:56:34,384 - INFO - Skipping existing file: 2024.11.01-ESESP-octubre24
2024-11-15 16:56:35,385 - INFO - Skipping existing file: 2024.10.02-ESESP-septiembre24
2024-11-15 16:56:36,387 - INFO - Skipping existing file: 2024.09.02-ESESP-agosto24
2024-11-15 16:56:37,388 - INFO - Skipping existing file: 2024.08.01-ESESP-julio24
2024-11-15 16:56:38,389 - INFO - Skipping existing file: 2024.07.01-ESESP-junio24
2024-11-15 16:56:39,390 - INFO - Skipping existing file: 2024.06.03-ESESP-mayo24
2024-11-15 16:56:40,392 - INFO - Skipping existing file: 2024.05.02-ESESP-abril24
2024-11-15 16:56:41,393 - INFO - Skipping existing file: 2024.04.02-ESESP-marzo24
2024-11-15 16:56:42,394 - INFO - Skipping existing file: 2024.03.01-ESESP-febrero24
2024-11-15 16:56:43,396 - INFO - Skipping existing file: 2024.02.01-ESESP-enero24
2024-11-15 16:56:44,397 - INFO - Skipping existing file: 2023.12.15-ESESP-diciembre23
2024-11-15 16:56:45,398 - INFO - Skipping existing file: 2023.12.01-ESESP-noviembre23
2024-11-15 16:56:46,399 - INFO - Skipping existing file: 2023.11.01-ESESP-octubre23
2024-11-15 16:56:47,400 - INFO - Skipping existing file: 2023.10.02-ESESP-septiembre23
2024-11-15 16:56:48,401 - INFO - Skipping existing file: 2023.09.01-ESESP-agosto23
2024-11-15 16:56:49,402 - INFO - Skipping existing file: 2023.08.01-ESESP-julio23
2024-11-15 16:56:50,403 - INFO - Skipping existing file: 2023.07.03-ESESP-junio23
2024-11-15 16:56:51,405 - INFO - Skipping existing file: 2023.06.01-ESESP-mayo23
2024-11-15 16:56:52,406 - INFO - Skipping existing file: 2023.05.02-ESESP-abril23
2024-11-15 16:56:53,408 - INFO - Skipping existing file: 2023.04.03-ESESP-marzo23
2024-11-15 16:56:54,409 - INFO - Skipping existing file: 2023.03.02-ESESP-febrero23
2024-11-15 16:56:55,410 - INFO - Skipping existing file: 2023.02.01-ESESP-enero23
2024-11-15 16:56:56,410 - INFO - Skipping existing file: 2022.12.16-ESESP-diciembre22
2024-11-15 16:56:57,411 - INFO - Skipping existing file: 2022.12.01-ESESP-noviembre22
2024-11-15 16:56:58,413 - INFO - Skipping existing file: 2022.11.01-ESESP-octubre22
2024-11-15 16:56:59,414 - INFO - Skipping existing file: 2022.10.03-ESESP-septiembre22
2024-11-15 16:57:00,416 - INFO - Skipping existing file: 2022.09.01-ESESP-agosto22
2024-11-15 16:57:01,417 - INFO - Skipping existing file: 2022.08.01-ESESP-julio22
2024-11-15 16:57:02,419 - INFO - Skipping existing file: 2022.07.01-ESESP-junio22
2024-11-15 16:57:03,420 - INFO - Skipping existing file: 2022.06.01-ESESP-mayo22
2024-11-15 16:57:04,422 - INFO - Skipping existing file: 2022.05.02-ESESP-abril22
2024-11-15 16:57:05,423 - INFO - Skipping existing file: 2022.04.01-ESESP-marzo22
2024-11-15 16:57:06,424 - INFO - Skipping existing file: 2022.03.03-ESESP-febrero22
2024-11-15 16:57:07,426 - INFO - Skipping existing file: 2022.02.01-ESESP-enero22
2024-11-15 16:57:08,427 - INFO - Skipping existing file: 2021.12.17-ESESP-diciembre21
2024-11-15 16:57:09,429 - INFO - Skipping existing file: 2021.12.01-ESESP-noviembre21
2024-11-15 16:57:10,429 - INFO - Skipping existing file: 2021.11.01-ESESP-octubre21
2024-11-15 16:57:11,431 - INFO - Skipping existing file: 2021.10.01-ESESP-septiembre21
2024-11-15 16:57:12,432 - INFO - Skipping existing file: 2021.09.01-ESESP-agosto21
2024-11-15 16:57:13,434 - INFO - Skipping existing file: 2021.08.02-ESESP-julio21
2024-11-15 16:57:14,435 - INFO - Skipping existing file: 2021.07.01-ESESP-junio21
2024-11-15 16:57:15,436 - INFO - Skipping existing file: 2021.06.01-ESESP-mayo21
2024-11-15 16:57:16,437 - INFO - Skipping existing file: 2021.05.03-ESESP-abril21
2024-11-15 16:57:17,438 - INFO - Skipping existing file: 2021.04.05-ESESP-marzo21
2024-11-15 16:57:18,439 - INFO - Skipping existing file: 2021.03.02-ESESP-febrero21
2024-11-15 16:57:19,440 - INFO - Skipping existing file: 2021.02.02-ESESP-enero21
2024-11-15 16:57:20,442 - INFO - Skipping existing file: 2020.12.17-ESESP-diciembre20
2024-11-15 16:57:21,443 - INFO - Skipping existing file: 2020.12.01-ESESP-noviembre20
2024-11-15 16:57:22,445 - INFO - Skipping existing file: 2020.10.01-ESESP-septiembre20
2024-11-15 16:57:23,446 - INFO - Skipping existing file: 2020.09.01-ESESP-agosto20
2024-11-15 16:57:24,447 - INFO - Skipping existing file: 2020.08.03-ESESP-julio20
2024-11-15 16:57:25,449 - INFO - Skipping existing file: 2020.07.01-ESESP-junio20
2024-11-15 16:57:26,450 - INFO - Skipping existing file: 2020.06.01-ESESP-mayo20
2024-11-15 16:57:27,451 - INFO - Skipping existing file: 2020.05.04-ESESP-abril20
2024-11-15 16:57:28,452 - INFO - Skipping existing file: 2020.04.01-ESESP-marzo20
2024-11-15 16:57:29,453 - INFO - Skipping existing file: 2020.03.02-ESESP-febrero20
2024-11-15 16:57:30,454 - INFO - Skipping existing file: 2020.02.04-ESESP-enero20
2024-11-15 16:57:31,455 - INFO - Skipping existing file: 2019.12.13-ESESP-diciembre19
2024-11-15 16:57:32,457 - INFO - Skipping existing file: 2019.12.02-ESESP-noviembre19
2024-11-15 16:57:33,458 - INFO - Skipping existing file: 2019.11.01-ESESP-octubre19
2024-11-15 16:57:34,459 - INFO - Skipping existing file: 2019.10.01-ESESP-septiembre19
2024-11-15 16:57:35,461 - INFO - Skipping existing file: 2019.09.02-ESESP-agosto19
2024-11-15 16:57:36,462 - INFO - Skipping existing file: 2019.08.01-ESESP-julio19
2024-11-15 16:57:37,464 - INFO - Skipping existing file: 2019.07.01-ESESP-junio19
2024-11-15 16:57:38,851 - INFO - Downloaded: 2019.06.03-ESESP-mayo19
2024-11-15 16:57:40,140 - INFO - Downloaded: 2019.05.02-ESESP-abril19
2024-11-15 16:57:41,362 - INFO - Downloaded: 2019.04.01-ESESP-marzo19
2024-11-15 16:57:42,595 - INFO - Downloaded: 2019.03.01-ESESP-febrero19
2024-11-15 16:57:43,837 - INFO - Downloaded: 2019.02.01-ESESP-enero19
2024-11-15 16:57:45,122 - INFO - Downloaded: 2018.12.14-ESESP-diciembre18
2024-11-15 16:57:46,391 - INFO - Downloaded: 2018.12.03-ESESP-noviembre18
2024-11-15 16:57:47,616 - INFO - Downloaded: 2018.11.01-ESESP-octubre18
2024-11-15 16:57:48,906 - INFO - Downloaded: 2018.10.01-ESESP-septiembre18
2024-11-15 16:57:50,131 - INFO - Downloaded: 2018.09.03-ESESP-agosto18
2024-11-15 16:57:51,671 - INFO - Downloaded: 2018.08.01-ESESP-julio18
2024-11-15 16:57:52,955 - INFO - Downloaded: 2018.07.02-ESESP-junio18
2024-11-15 16:57:54,257 - INFO - Downloaded: 2018.06.01-ESESP-mayo18
2024-11-15 16:57:55,518 - INFO - Downloaded: 2018.05.02-ESESP-abril18
2024-11-15 16:57:56,732 - INFO - Downloaded: 2018.04.02-ESESP-marzo18
2024-11-15 16:57:57,978 - INFO - Downloaded: 2018.03.01-ESESP-febrero18
2024-11-15 16:57:59,229 - INFO - Downloaded: 2018.02.01-ESESP-enero18
2024-11-15 16:58:00,443 - INFO - Downloaded: 2017.12.15-ESESP-diciembre17
2024-11-15 16:58:01,660 - INFO - Downloaded: 2017.12.01-ESESP-noviembre17
2024-11-15 16:58:03,116 - INFO - Downloaded: 2017.11.01-ESESP-octubre17
2024-11-15 16:58:04,345 - INFO - Downloaded: 2017.10.02-ESESP-septiembre17
2024-11-15 16:58:05,617 - INFO - Downloaded: 2017.09.01-ESESP-agosto17
2024-11-15 16:58:06,854 - INFO - Downloaded: 2017.08.01-ESESP-julio17
2024-11-15 16:58:08,087 - INFO - Downloaded: 2017.07.03-ESESP-junio17
2024-11-15 16:58:09,320 - INFO - Downloaded: 2017.06.01-ESESP-mayo17
2024-11-15 16:58:10,597 - INFO - Downloaded: 2017.05.02-ESESP-abril17
2024-11-15 16:58:11,858 - INFO - Downloaded: 2017.04.03-ESESP-marzo17
2024-11-15 16:58:13,156 - INFO - Downloaded: 2017.03.02-ESESP-febrero17
2024-11-15 16:58:14,421 - INFO - Downloaded: 2017.02.01-ESESP-enero17
2024-11-15 16:58:15,953 - INFO - Downloaded: 2016.12.16-ESESP-diciembre16
2024-11-15 16:58:17,160 - INFO - Downloaded: 2016.12.02-ESESP-noviembre16
2024-11-15 16:58:18,359 - INFO - Downloaded: 2016.11.01-ESESP-octubre16
2024-11-15 16:58:19,579 - INFO - Downloaded: 2016.10.03-ESESP-septiembre16
2024-11-15 16:58:20,797 - INFO - Downloaded: 2016.09.01-ESESP-agosto16
2024-11-15 16:58:22,068 - INFO - Downloaded: 2016.08.01-ESESP-julio16
2024-11-15 16:58:23,304 - INFO - Downloaded: 2016.07.01-ESESP-junio16
2024-11-15 16:58:24,732 - INFO - Downloaded: 2016.06.01-ESESP-mayo16
2024-11-15 16:58:25,977 - INFO - Downloaded: 2016.05.02-ESESP-abril16
2024-11-15 16:58:27,305 - INFO - Downloaded: 2016.04.01-ESESP-marzo16
2024-11-15 16:58:28,914 - INFO - Downloaded: 2016.03.02-ESESP-febrero16
2024-11-15 16:58:30,157 - INFO - Downloaded: 2016.02.02-ESESP-enero16
2024-11-15 16:58:31,447 - INFO - Downloaded: 2015.12.18-ESESP-diciembre15
2024-11-15 16:58:32,850 - INFO - Downloaded: 2015.12.01-ESESP-noviembre15
2024-11-15 16:58:34,447 - INFO - Downloaded: 2015.11.03-ESESP-octubre15
2024-11-15 16:58:35,647 - INFO - Downloaded: 2015.10.02-ESESP-septiembre15
2024-11-15 16:58:36,846 - INFO - Downloaded: 2015.09.01-ESESP-agosto15
2024-11-15 16:58:38,248 - INFO - Downloaded: 2015.08.03-ESESP-julio15
2024-11-15 16:58:39,519 - INFO - Downloaded: 2015.07.03-ESESP-junio15
2024-11-15 16:58:40,862 - INFO - Downloaded: 2015.06.02-ESESP-mayo15
2024-11-15 16:58:42,240 - INFO - Downloaded: 2015.05.05-ESESP-abril15
2024-11-15 16:58:43,710 - INFO - Downloaded: 2015.04.01-ESESP-marzo15
2024-11-15 16:58:44,969 - INFO - Downloaded: 2015.03.05-ESESP-febrero15
2024-11-15 16:58:46,201 - INFO - Downloaded: 2014.12.19-ESESP-diciembre14
2024-11-15 16:58:47,724 - INFO - Downloaded: 2014.12.02-ESESP-noviembre14
2024-11-15 16:58:48,961 - INFO - Downloaded: 2014.11.06-ESESP-octubre14
2024-11-15 16:58:50,174 - INFO - Downloaded: 2014.10.03-ESESP-septiembre14
2024-11-15 16:58:51,454 - INFO - Downloaded: 2014.09.02-ESESP-agosto14
2024-11-15 16:58:52,979 - INFO - Downloaded: 2014.08.01-ESESP-julio14
2024-11-15 16:58:54,297 - INFO - Downloaded: 2014.07.03-ESESP-junio14
2024-11-15 16:58:55,898 - INFO - Downloaded: 2014.06.03-ESESP-mayo14
2024-11-15 16:58:57,375 - INFO - Downloaded: 2014.05.07-ESESP-abril14
2024-11-15 16:58:58,641 - INFO - Downloaded: 2014.04.03-ESESP-marzo14
2024-11-15 16:58:59,881 - INFO - Downloaded: 2014.03.06-ESESP-febrero14
2024-11-15 16:59:01,124 - INFO - Downloaded: 2014.02.06-ESESP-enero14
2024-11-15 16:59:02,424 - INFO - Downloaded: 2013.12.19-ESESP-diciembre13
2024-11-15 16:59:03,896 - INFO - Downloaded: 2013.12.02-ESESP-noviembre13
2024-11-15 16:59:05,146 - INFO - Downloaded: 2013.11.01-ESESP-octubre13
2024-11-15 16:59:06,374 - INFO - Downloaded: 2013.10.01-ESESP-septiembre13
2024-11-15 16:59:07,672 - INFO - Downloaded: 2013.09.02-ESESP-agosto13
2024-11-15 16:59:08,925 - INFO - Downloaded: 2013.08.01-ESESP-julio13
2024-11-15 16:59:10,220 - INFO - Downloaded: 2013.07.01-ESESP-junio13
2024-11-15 16:59:11,488 - INFO - Downloaded: 2013.06.03-ESESP-mayo13
2024-11-15 16:59:12,691 - INFO - Downloaded: 2013.05.02-ESESP-abril13
2024-11-15 16:59:13,982 - INFO - Downloaded: 2013.04.01-ESESP-marzo13
2024-11-15 16:59:15,196 - INFO - Downloaded: 2013.03.01-ESESP-febrero13
2024-11-15 16:59:16,405 - INFO - Downloaded: 2013.02.01-ESESP-enero13
2024-11-15 16:59:17,642 - INFO - Downloaded: 2012.12.19-ESESP-diciembre12
2024-11-15 16:59:20,364 - INFO - Downloaded: 2012.12.03-ESESP-noviembre12
2024-11-15 16:59:21,608 - INFO - Downloaded: 2012.11.01-ESESP-octubre12
2024-11-15 16:59:22,790 - INFO - Downloaded: 2012.10.01-ESESP-septiembre12
2024-11-15 16:59:23,973 - INFO - Downloaded: 2012.09.03-ESESP-agosto12
2024-11-15 16:59:25,157 - INFO - Downloaded: 2012.08.01-ESESP-julio12
2024-11-15 16:59:26,345 - INFO - Downloaded: 2012.07.02-ESESP-junio12
2024-11-15 16:59:27,535 - INFO - Downloaded: 2012.06.01-ESESP-mayo12
2024-11-15 16:59:28,816 - INFO - Downloaded: 2012.05.02-ESESP-abril12
2024-11-15 16:59:30,009 - INFO - Downloaded: 2012.04.02-ESESP-marzo12
2024-11-15 16:59:31,218 - INFO - Downloaded: 2012.03.01-ESESP-febrero12
2024-11-15 16:59:32,462 - INFO - Downloaded: 2012.02.01-ESESP-enero12
2024-11-15 16:59:33,655 - INFO - Downloaded: 2011.12.16-ESESP-diciembre11
2024-11-15 16:59:35,045 - INFO - Downloaded: 2011.12.01-ESESP-noviembre11
2024-11-15 16:59:36,314 - INFO - Downloaded: 2011.11.01-ESESP-octubre11
2024-11-15 16:59:37,692 - INFO - Downloaded: 2011.10.03-ESESP-septiembre11
2024-11-15 16:59:39,121 - INFO - Downloaded: 2011.09.01-ESESP-agosto11
2024-11-15 16:59:40,475 - INFO - Downloaded: 2011.08.01-ESESP-julio11
2024-11-15 16:59:41,881 - INFO - Downloaded: 2011.07.01-ESESP-junio11
2024-11-15 16:59:43,067 - INFO - Downloaded: 2011.06.01-ESESP-mayo11
2024-11-15 16:59:44,344 - INFO - Downloaded: 2011.05.02-ESESP-abril11
2024-11-15 16:59:45,633 - INFO - Downloaded: 2011.04.01-ESESP-marzo11
2024-11-15 16:59:46,855 - INFO - Downloaded: 2011.03.01-ESESP-febrero11
2024-11-15 16:59:48,044 - INFO - Downloaded: 2011.02.01-ESESP-enero11
2024-11-15 16:59:49,257 - INFO - Downloaded: 2010.12.17-ESESP-diciembre10
2024-11-15 16:59:50,466 - INFO - Downloaded: 2010.12.01-ESESP-noviembre10
2024-11-15 16:59:51,826 - INFO - Downloaded: 2010.11.01-ESESP-octubre10
2024-11-15 16:59:53,020 - INFO - Downloaded: 2010.10.01-ESESP-septiembre10
2024-11-15 16:59:54,235 - INFO - Downloaded: 2010.09.01-ESESP-agosto10
2024-11-15 16:59:55,571 - INFO - Downloaded: 2010.08.02-ESESP-julio10
2024-11-15 16:59:56,843 - INFO - Downloaded: 2010.07.01-ESESP-junio10
